<?xml version="1.0" encoding="UTF-8"?>
<!DOCTYPE coverage SYSTEM "https://raw.githubusercontent.com/cobertura/cobertura/master/cobertura/src/site/htdocs/xml/coverage-04.dtd">
<coverage line-rate="0.852439024390244" branch-rate="0" lines-covered="699" lines-valid="820" branches-covered="0" branches-valid="0" complexity="0" version="3.6.4" timestamp="2024-01-24 15:05:58.046174">
  <sources>
    <source>/__w/teal.data/teal.data/teal.data</source>
  </sources>
  <packages>
    <package name="teal.data" line-rate="0.852439024390244" branch-rate="0" complexity="0">
      <classes>
        <class name="cdisc_data.R" filename="R/cdisc_data.R" line-rate="0" branch-rate="0" complexity="0">
          <methods>
            <method name="cdisc_data" signature="" line-rate="0" branch-rate="0" complexity="0">
              <lines>
                <line number="38" hits="0" branch="false"/>
              </lines>
            </method>
          </methods>
          <lines>
            <line number="38" hits="0" branch="false"/>
          </lines>
        </class>
        <class name="default_cdisc_join_keys.R" filename="R/default_cdisc_join_keys.R" line-rate="0" branch-rate="0" complexity="0">
          <methods>
            <method name="build_cdisc_join_keys" signature="" line-rate="0" branch-rate="0" complexity="0">
              <lines>
                <line number="16" hits="0" branch="false"/>
                <line number="18" hits="0" branch="false"/>
                <line number="19" hits="0" branch="false"/>
                <line number="21" hits="0" branch="false"/>
                <line number="23" hits="0" branch="false"/>
                <line number="24" hits="0" branch="false"/>
                <line number="27" hits="0" branch="false"/>
                <line number="28" hits="0" branch="false"/>
                <line number="29" hits="0" branch="false"/>
                <line number="31" hits="0" branch="false"/>
                <line number="34" hits="0" branch="false"/>
              </lines>
            </method>
          </methods>
          <lines>
            <line number="16" hits="0" branch="false"/>
            <line number="18" hits="0" branch="false"/>
            <line number="19" hits="0" branch="false"/>
            <line number="21" hits="0" branch="false"/>
            <line number="23" hits="0" branch="false"/>
            <line number="24" hits="0" branch="false"/>
            <line number="27" hits="0" branch="false"/>
            <line number="28" hits="0" branch="false"/>
            <line number="29" hits="0" branch="false"/>
            <line number="31" hits="0" branch="false"/>
            <line number="34" hits="0" branch="false"/>
          </lines>
        </class>
        <class name="deprecated.R" filename="R/deprecated.R" line-rate="0" branch-rate="0" complexity="0">
          <methods>
            <method name=".deprecate_function" signature="" line-rate="0" branch-rate="0" complexity="0">
              <lines>
                <line number="19" hits="0" branch="false"/>
                <line number="20" hits="0" branch="false"/>
                <line number="21" hits="0" branch="false"/>
                <line number="22" hits="0" branch="false"/>
                <line number="23" hits="0" branch="false"/>
              </lines>
            </method>
            <method name="as_cdisc" signature="" line-rate="0" branch-rate="0" complexity="0">
              <lines>
                <line number="31" hits="0" branch="false"/>
              </lines>
            </method>
            <method name="callable_code" signature="" line-rate="0" branch-rate="0" complexity="0">
              <lines>
                <line number="37" hits="0" branch="false"/>
              </lines>
            </method>
            <method name="callable_function" signature="" line-rate="0" branch-rate="0" complexity="0">
              <lines>
                <line number="43" hits="0" branch="false"/>
              </lines>
            </method>
            <method name="code_dataset_connector" signature="" line-rate="0" branch-rate="0" complexity="0">
              <lines>
                <line number="49" hits="0" branch="false"/>
              </lines>
            </method>
            <method name="code_cdisc_dataset_connector" signature="" line-rate="0" branch-rate="0" complexity="0">
              <lines>
                <line number="55" hits="0" branch="false"/>
              </lines>
            </method>
            <method name="csv_dataset_connector" signature="" line-rate="0" branch-rate="0" complexity="0">
              <lines>
                <line number="61" hits="0" branch="false"/>
              </lines>
            </method>
            <method name="csv_cdisc_dataset_connector" signature="" line-rate="0" branch-rate="0" complexity="0">
              <lines>
                <line number="67" hits="0" branch="false"/>
              </lines>
            </method>
            <method name="python_code" signature="" line-rate="0" branch-rate="0" complexity="0">
              <lines>
                <line number="73" hits="0" branch="false"/>
              </lines>
            </method>
            <method name="python_dataset_connector" signature="" line-rate="0" branch-rate="0" complexity="0">
              <lines>
                <line number="79" hits="0" branch="false"/>
              </lines>
            </method>
            <method name="python_cdisc_dataset_connector" signature="" line-rate="0" branch-rate="0" complexity="0">
              <lines>
                <line number="85" hits="0" branch="false"/>
              </lines>
            </method>
            <method name="cdisc_data_connector" signature="" line-rate="0" branch-rate="0" complexity="0">
              <lines>
                <line number="91" hits="0" branch="false"/>
              </lines>
            </method>
            <method name="cdisc_dataset" signature="" line-rate="0" branch-rate="0" complexity="0">
              <lines>
                <line number="97" hits="0" branch="false"/>
              </lines>
            </method>
            <method name="cdisc_dataset_connector" signature="" line-rate="0" branch-rate="0" complexity="0">
              <lines>
                <line number="103" hits="0" branch="false"/>
              </lines>
            </method>
            <method name="cdisc_dataset_connector_file" signature="" line-rate="0" branch-rate="0" complexity="0">
              <lines>
                <line number="109" hits="0" branch="false"/>
              </lines>
            </method>
            <method name="cdisc_dataset_file" signature="" line-rate="0" branch-rate="0" complexity="0">
              <lines>
                <line number="115" hits="0" branch="false"/>
              </lines>
            </method>
            <method name="dataset" signature="" line-rate="0" branch-rate="0" complexity="0">
              <lines>
                <line number="121" hits="0" branch="false"/>
              </lines>
            </method>
            <method name="dataset_connector" signature="" line-rate="0" branch-rate="0" complexity="0">
              <lines>
                <line number="127" hits="0" branch="false"/>
              </lines>
            </method>
            <method name="dataset_connector_file" signature="" line-rate="0" branch-rate="0" complexity="0">
              <lines>
                <line number="133" hits="0" branch="false"/>
              </lines>
            </method>
            <method name="dataset_file" signature="" line-rate="0" branch-rate="0" complexity="0">
              <lines>
                <line number="139" hits="0" branch="false"/>
              </lines>
            </method>
            <method name="data_connection" signature="" line-rate="0" branch-rate="0" complexity="0">
              <lines>
                <line number="145" hits="0" branch="false"/>
              </lines>
            </method>
            <method name="fun_dataset_connector" signature="" line-rate="0" branch-rate="0" complexity="0">
              <lines>
                <line number="151" hits="0" branch="false"/>
              </lines>
            </method>
            <method name="fun_cdisc_dataset_connector" signature="" line-rate="0" branch-rate="0" complexity="0">
              <lines>
                <line number="157" hits="0" branch="false"/>
              </lines>
            </method>
            <method name="relational_data_connector" signature="" line-rate="0" branch-rate="0" complexity="0">
              <lines>
                <line number="163" hits="0" branch="false"/>
              </lines>
            </method>
            <method name="mae_dataset" signature="" line-rate="0" branch-rate="0" complexity="0">
              <lines>
                <line number="169" hits="0" branch="false"/>
              </lines>
            </method>
            <method name="get_attrs" signature="" line-rate="0" branch-rate="0" complexity="0">
              <lines>
                <line number="175" hits="0" branch="false"/>
              </lines>
            </method>
            <method name="get_dataset_label" signature="" line-rate="0" branch-rate="0" complexity="0">
              <lines>
                <line number="181" hits="0" branch="false"/>
              </lines>
            </method>
            <method name="get_dataset" signature="" line-rate="0" branch-rate="0" complexity="0">
              <lines>
                <line number="187" hits="0" branch="false"/>
              </lines>
            </method>
            <method name="get_datasets" signature="" line-rate="0" branch-rate="0" complexity="0">
              <lines>
                <line number="193" hits="0" branch="false"/>
              </lines>
            </method>
            <method name="get_dataname" signature="" line-rate="0" branch-rate="0" complexity="0">
              <lines>
                <line number="199" hits="0" branch="false"/>
              </lines>
            </method>
            <method name="get_key_duplicates" signature="" line-rate="0" branch-rate="0" complexity="0">
              <lines>
                <line number="205" hits="0" branch="false"/>
              </lines>
            </method>
            <method name="get_keys" signature="" line-rate="0" branch-rate="0" complexity="0">
              <lines>
                <line number="211" hits="0" branch="false"/>
              </lines>
            </method>
            <method name="get_raw_data" signature="" line-rate="0" branch-rate="0" complexity="0">
              <lines>
                <line number="217" hits="0" branch="false"/>
              </lines>
            </method>
            <method name="is_pulled" signature="" line-rate="0" branch-rate="0" complexity="0">
              <lines>
                <line number="223" hits="0" branch="false"/>
              </lines>
            </method>
            <method name="load_dataset" signature="" line-rate="0" branch-rate="0" complexity="0">
              <lines>
                <line number="229" hits="0" branch="false"/>
              </lines>
            </method>
            <method name="load_datasets" signature="" line-rate="0" branch-rate="0" complexity="0">
              <lines>
                <line number="235" hits="0" branch="false"/>
              </lines>
            </method>
            <method name="mutate_data" signature="" line-rate="0" branch-rate="0" complexity="0">
              <lines>
                <line number="241" hits="0" branch="false"/>
              </lines>
            </method>
            <method name="mutate_dataset" signature="" line-rate="0" branch-rate="0" complexity="0">
              <lines>
                <line number="247" hits="0" branch="false"/>
              </lines>
            </method>
            <method name="set_args" signature="" line-rate="0" branch-rate="0" complexity="0">
              <lines>
                <line number="253" hits="0" branch="false"/>
              </lines>
            </method>
            <method name="rds_dataset_connector" signature="" line-rate="0" branch-rate="0" complexity="0">
              <lines>
                <line number="259" hits="0" branch="false"/>
              </lines>
            </method>
            <method name="rds_cdisc_dataset_connector" signature="" line-rate="0" branch-rate="0" complexity="0">
              <lines>
                <line number="265" hits="0" branch="false"/>
              </lines>
            </method>
            <method name="script_dataset_connector" signature="" line-rate="0" branch-rate="0" complexity="0">
              <lines>
                <line number="271" hits="0" branch="false"/>
              </lines>
            </method>
            <method name="script_cdisc_dataset_connector" signature="" line-rate="0" branch-rate="0" complexity="0">
              <lines>
                <line number="277" hits="0" branch="false"/>
              </lines>
            </method>
            <method name="set_keys" signature="" line-rate="0" branch-rate="0" complexity="0">
              <lines>
                <line number="283" hits="0" branch="false"/>
              </lines>
            </method>
            <method name="read_script" signature="" line-rate="0" branch-rate="0" complexity="0">
              <lines>
                <line number="289" hits="0" branch="false"/>
              </lines>
            </method>
            <method name="to_relational_data" signature="" line-rate="0" branch-rate="0" complexity="0">
              <lines>
                <line number="295" hits="0" branch="false"/>
              </lines>
            </method>
            <method name="validate_metadata" signature="" line-rate="0" branch-rate="0" complexity="0">
              <lines>
                <line number="301" hits="0" branch="false"/>
              </lines>
            </method>
            <method name="get_cdisc_keys" signature="" line-rate="0" branch-rate="0" complexity="0">
              <lines>
                <line number="307" hits="0" branch="false"/>
              </lines>
            </method>
            <method name="cdisc_data_file" signature="" line-rate="0" branch-rate="0" complexity="0">
              <lines>
                <line number="313" hits="0" branch="false"/>
              </lines>
            </method>
            <method name="teal_data_file" signature="" line-rate="0" branch-rate="0" complexity="0">
              <lines>
                <line number="319" hits="0" branch="false"/>
              </lines>
            </method>
            <method name="get_join_keys" signature="" line-rate="0" branch-rate="0" complexity="0">
              <lines>
                <line number="325" hits="0" branch="false"/>
              </lines>
            </method>
            <method name="get_join_keys&lt;-" signature="" line-rate="0" branch-rate="0" complexity="0">
              <lines>
                <line number="332" hits="0" branch="false"/>
              </lines>
            </method>
            <method name="get_labels" signature="" line-rate="0" branch-rate="0" complexity="0">
              <lines>
                <line number="344" hits="0" branch="false"/>
              </lines>
            </method>
          </methods>
          <lines>
            <line number="19" hits="0" branch="false"/>
            <line number="20" hits="0" branch="false"/>
            <line number="21" hits="0" branch="false"/>
            <line number="22" hits="0" branch="false"/>
            <line number="23" hits="0" branch="false"/>
            <line number="31" hits="0" branch="false"/>
            <line number="37" hits="0" branch="false"/>
            <line number="43" hits="0" branch="false"/>
            <line number="49" hits="0" branch="false"/>
            <line number="55" hits="0" branch="false"/>
            <line number="61" hits="0" branch="false"/>
            <line number="67" hits="0" branch="false"/>
            <line number="73" hits="0" branch="false"/>
            <line number="79" hits="0" branch="false"/>
            <line number="85" hits="0" branch="false"/>
            <line number="91" hits="0" branch="false"/>
            <line number="97" hits="0" branch="false"/>
            <line number="103" hits="0" branch="false"/>
            <line number="109" hits="0" branch="false"/>
            <line number="115" hits="0" branch="false"/>
            <line number="121" hits="0" branch="false"/>
            <line number="127" hits="0" branch="false"/>
            <line number="133" hits="0" branch="false"/>
            <line number="139" hits="0" branch="false"/>
            <line number="145" hits="0" branch="false"/>
            <line number="151" hits="0" branch="false"/>
            <line number="157" hits="0" branch="false"/>
            <line number="163" hits="0" branch="false"/>
            <line number="169" hits="0" branch="false"/>
            <line number="175" hits="0" branch="false"/>
            <line number="181" hits="0" branch="false"/>
            <line number="187" hits="0" branch="false"/>
            <line number="193" hits="0" branch="false"/>
            <line number="199" hits="0" branch="false"/>
            <line number="205" hits="0" branch="false"/>
            <line number="211" hits="0" branch="false"/>
            <line number="217" hits="0" branch="false"/>
            <line number="223" hits="0" branch="false"/>
            <line number="229" hits="0" branch="false"/>
            <line number="235" hits="0" branch="false"/>
            <line number="241" hits="0" branch="false"/>
            <line number="247" hits="0" branch="false"/>
            <line number="253" hits="0" branch="false"/>
            <line number="259" hits="0" branch="false"/>
            <line number="265" hits="0" branch="false"/>
            <line number="271" hits="0" branch="false"/>
            <line number="277" hits="0" branch="false"/>
            <line number="283" hits="0" branch="false"/>
            <line number="289" hits="0" branch="false"/>
            <line number="295" hits="0" branch="false"/>
            <line number="301" hits="0" branch="false"/>
            <line number="307" hits="0" branch="false"/>
            <line number="313" hits="0" branch="false"/>
            <line number="319" hits="0" branch="false"/>
            <line number="325" hits="0" branch="false"/>
            <line number="332" hits="0" branch="false"/>
            <line number="344" hits="0" branch="false"/>
          </lines>
        </class>
        <class name="dummy_function.R" filename="R/dummy_function.R" line-rate="0" branch-rate="0" complexity="0">
          <methods>
            <method name="example_cdisc_data" signature="" line-rate="0" branch-rate="0" complexity="0">
              <lines>
                <line number="14" hits="0" branch="false"/>
                <line number="15" hits="0" branch="false"/>
              </lines>
            </method>
          </methods>
          <lines>
            <line number="14" hits="0" branch="false"/>
            <line number="15" hits="0" branch="false"/>
          </lines>
        </class>
        <class name="formatters_var_labels.R" filename="R/formatters_var_labels.R" line-rate="0.694444444444444" branch-rate="0" complexity="0">
          <methods>
            <method name="col_labels" signature="" line-rate="0.941176470588235" branch-rate="0" complexity="0">
              <lines>
                <line number="39" hits="5" branch="false"/>
                <line number="40" hits="5" branch="false"/>
                <line number="42" hits="5" branch="false"/>
                <line number="43" hits="2" branch="false"/>
                <line number="46" hits="3" branch="false"/>
                <line number="48" hits="3" branch="false"/>
                <line number="49" hits="3" branch="false"/>
                <line number="50" hits="3" branch="false"/>
                <line number="51" hits="3" branch="false"/>
                <line number="52" hits="1" branch="false"/>
                <line number="53" hits="3" branch="false"/>
                <line number="54" hits="3" branch="false"/>
                <line number="55" hits="3" branch="false"/>
                <line number="58" hits="3" branch="false"/>
                <line number="59" hits="3" branch="false"/>
                <line number="60" hits="0" branch="false"/>
                <line number="63" hits="3" branch="false"/>
              </lines>
            </method>
            <method name="col_labels&lt;-" signature="" line-rate="0" branch-rate="0" complexity="0">
              <lines>
                <line number="69" hits="0" branch="false"/>
                <line number="70" hits="0" branch="false"/>
                <line number="71" hits="0" branch="false"/>
                <line number="72" hits="0" branch="false"/>
                <line number="73" hits="0" branch="false"/>
                <line number="74" hits="0" branch="false"/>
                <line number="76" hits="0" branch="false"/>
                <line number="77" hits="0" branch="false"/>
                <line number="79" hits="0" branch="false"/>
                <line number="80" hits="0" branch="false"/>
              </lines>
            </method>
            <method name="col_relabel" signature="" line-rate="1" branch-rate="0" complexity="0">
              <lines>
                <line number="86" hits="3" branch="false"/>
                <line number="87" hits="3" branch="false"/>
                <line number="88" hits="1" branch="false"/>
                <line number="90" hits="2" branch="false"/>
                <line number="91" hits="2" branch="false"/>
                <line number="93" hits="2" branch="false"/>
                <line number="94" hits="1" branch="false"/>
                <line number="96" hits="1" branch="false"/>
                <line number="97" hits="1" branch="false"/>
              </lines>
            </method>
          </methods>
          <lines>
            <line number="39" hits="5" branch="false"/>
            <line number="40" hits="5" branch="false"/>
            <line number="42" hits="5" branch="false"/>
            <line number="43" hits="2" branch="false"/>
            <line number="46" hits="3" branch="false"/>
            <line number="48" hits="3" branch="false"/>
            <line number="49" hits="3" branch="false"/>
            <line number="50" hits="3" branch="false"/>
            <line number="51" hits="3" branch="false"/>
            <line number="52" hits="1" branch="false"/>
            <line number="53" hits="3" branch="false"/>
            <line number="54" hits="3" branch="false"/>
            <line number="55" hits="3" branch="false"/>
            <line number="58" hits="3" branch="false"/>
            <line number="59" hits="3" branch="false"/>
            <line number="60" hits="0" branch="false"/>
            <line number="63" hits="3" branch="false"/>
            <line number="69" hits="0" branch="false"/>
            <line number="70" hits="0" branch="false"/>
            <line number="71" hits="0" branch="false"/>
            <line number="72" hits="0" branch="false"/>
            <line number="73" hits="0" branch="false"/>
            <line number="74" hits="0" branch="false"/>
            <line number="76" hits="0" branch="false"/>
            <line number="77" hits="0" branch="false"/>
            <line number="79" hits="0" branch="false"/>
            <line number="80" hits="0" branch="false"/>
            <line number="86" hits="3" branch="false"/>
            <line number="87" hits="3" branch="false"/>
            <line number="88" hits="1" branch="false"/>
            <line number="90" hits="2" branch="false"/>
            <line number="91" hits="2" branch="false"/>
            <line number="93" hits="2" branch="false"/>
            <line number="94" hits="1" branch="false"/>
            <line number="96" hits="1" branch="false"/>
            <line number="97" hits="1" branch="false"/>
          </lines>
        </class>
        <class name="join_key.R" filename="R/join_key.R" line-rate="1" branch-rate="0" complexity="0">
          <methods>
            <method name="join_key" signature="" line-rate="1" branch-rate="0" complexity="0">
              <lines>
                <line number="34" hits="1069" branch="false"/>
                <line number="35" hits="1069" branch="false"/>
                <line number="36" hits="1066" branch="false"/>
                <line number="37" hits="1061" branch="false"/>
                <line number="39" hits="1061" branch="false"/>
                <line number="40" hits="1059" branch="false"/>
                <line number="41" hits="520" branch="false"/>
                <line number="44" hits="1059" branch="false"/>
                <line number="45" hits="1059" branch="false"/>
                <line number="48" hits="1059" branch="false"/>
                <line number="49" hits="6" branch="false"/>
                <line number="50" hits="6" branch="false"/>
                <line number="54" hits="1059" branch="false"/>
                <line number="55" hits="4" branch="false"/>
                <line number="59" hits="1059" branch="false"/>
                <line number="60" hits="4" branch="false"/>
                <line number="63" hits="1059" branch="false"/>
                <line number="64" hits="1059" branch="false"/>
                <line number="65" hits="1058" branch="false"/>
                <line number="67" hits="1057" branch="false"/>
                <line number="68" hits="2" branch="false"/>
                <line number="71" hits="2" branch="false"/>
                <line number="74" hits="1057" branch="false"/>
                <line number="75" hits="392" branch="false"/>
                <line number="76" hits="1057" branch="false"/>
                <line number="77" hits="665" branch="false"/>
                <line number="78" hits="1057" branch="false"/>
                <line number="80" hits="1057" branch="false"/>
                <line number="81" hits="1057" branch="false"/>
                <line number="82" hits="1057" branch="false"/>
                <line number="83" hits="1057" branch="false"/>
                <line number="84" hits="1057" branch="false"/>
                <line number="85" hits="1057" branch="false"/>
                <line number="86" hits="1057" branch="false"/>
                <line number="87" hits="1057" branch="false"/>
                <line number="88" hits="1057" branch="false"/>
                <line number="89" hits="1057" branch="false"/>
                <line number="90" hits="1057" branch="false"/>
              </lines>
            </method>
          </methods>
          <lines>
            <line number="34" hits="1069" branch="false"/>
            <line number="35" hits="1069" branch="false"/>
            <line number="36" hits="1066" branch="false"/>
            <line number="37" hits="1061" branch="false"/>
            <line number="39" hits="1061" branch="false"/>
            <line number="40" hits="1059" branch="false"/>
            <line number="41" hits="520" branch="false"/>
            <line number="44" hits="1059" branch="false"/>
            <line number="45" hits="1059" branch="false"/>
            <line number="48" hits="1059" branch="false"/>
            <line number="49" hits="6" branch="false"/>
            <line number="50" hits="6" branch="false"/>
            <line number="54" hits="1059" branch="false"/>
            <line number="55" hits="4" branch="false"/>
            <line number="59" hits="1059" branch="false"/>
            <line number="60" hits="4" branch="false"/>
            <line number="63" hits="1059" branch="false"/>
            <line number="64" hits="1059" branch="false"/>
            <line number="65" hits="1058" branch="false"/>
            <line number="67" hits="1057" branch="false"/>
            <line number="68" hits="2" branch="false"/>
            <line number="71" hits="2" branch="false"/>
            <line number="74" hits="1057" branch="false"/>
            <line number="75" hits="392" branch="false"/>
            <line number="76" hits="1057" branch="false"/>
            <line number="77" hits="665" branch="false"/>
            <line number="78" hits="1057" branch="false"/>
            <line number="80" hits="1057" branch="false"/>
            <line number="81" hits="1057" branch="false"/>
            <line number="82" hits="1057" branch="false"/>
            <line number="83" hits="1057" branch="false"/>
            <line number="84" hits="1057" branch="false"/>
            <line number="85" hits="1057" branch="false"/>
            <line number="86" hits="1057" branch="false"/>
            <line number="87" hits="1057" branch="false"/>
            <line number="88" hits="1057" branch="false"/>
            <line number="89" hits="1057" branch="false"/>
            <line number="90" hits="1057" branch="false"/>
          </lines>
        </class>
        <class name="join_keys-c.R" filename="R/join_keys-c.R" line-rate="1" branch-rate="0" complexity="0">
          <methods>
            <method name="c.join_keys" signature="" line-rate="1" branch-rate="0" complexity="0">
              <lines>
                <line number="15" hits="125" branch="false"/>
                <line number="16" hits="125" branch="false"/>
                <line number="18" hits="122" branch="false"/>
                <line number="19" hits="122" branch="false"/>
                <line number="20" hits="122" branch="false"/>
                <line number="21" hits="122" branch="false"/>
                <line number="22" hits="122" branch="false"/>
                <line number="23" hits="122" branch="false"/>
                <line number="24" hits="122" branch="false"/>
                <line number="25" hits="122" branch="false"/>
                <line number="26" hits="122" branch="false"/>
              </lines>
            </method>
            <method name="c.join_key_set" signature="" line-rate="1" branch-rate="0" complexity="0">
              <lines>
                <line number="41" hits="2" branch="false"/>
              </lines>
            </method>
          </methods>
          <lines>
            <line number="15" hits="125" branch="false"/>
            <line number="16" hits="125" branch="false"/>
            <line number="18" hits="122" branch="false"/>
            <line number="19" hits="122" branch="false"/>
            <line number="20" hits="122" branch="false"/>
            <line number="21" hits="122" branch="false"/>
            <line number="22" hits="122" branch="false"/>
            <line number="23" hits="122" branch="false"/>
            <line number="24" hits="122" branch="false"/>
            <line number="25" hits="122" branch="false"/>
            <line number="26" hits="122" branch="false"/>
            <line number="41" hits="2" branch="false"/>
          </lines>
        </class>
        <class name="join_keys-extract.R" filename="R/join_keys-extract.R" line-rate="1" branch-rate="0" complexity="0">
          <methods>
            <method name="[.join_keys" signature="" line-rate="1" branch-rate="0" complexity="0">
              <lines>
                <line number="29" hits="31" branch="false"/>
                <line number="33" hits="1" branch="false"/>
                <line number="34" hits="30" branch="false"/>
                <line number="37" hits="2" branch="false"/>
                <line number="38" hits="28" branch="false"/>
                <line number="40" hits="9" branch="false"/>
                <line number="41" hits="9" branch="false"/>
                <line number="42" hits="9" branch="false"/>
                <line number="43" hits="9" branch="false"/>
                <line number="44" hits="9" branch="false"/>
                <line number="45" hits="9" branch="false"/>
                <line number="46" hits="9" branch="false"/>
                <line number="47" hits="9" branch="false"/>
                <line number="48" hits="9" branch="false"/>
                <line number="49" hits="9" branch="false"/>
                <line number="51" hits="1" branch="false"/>
                <line number="52" hits="1" branch="false"/>
                <line number="53" hits="1" branch="false"/>
                <line number="54" hits="1" branch="false"/>
                <line number="55" hits="1" branch="false"/>
                <line number="57" hits="1" branch="false"/>
                <line number="58" hits="1" branch="false"/>
                <line number="60" hits="8" branch="false"/>
                <line number="61" hits="8" branch="false"/>
                <line number="62" hits="19" branch="false"/>
                <line number="65" hits="1" branch="false"/>
                <line number="68" hits="19" branch="false"/>
                <line number="69" hits="19" branch="false"/>
                <line number="70" hits="19" branch="false"/>
                <line number="71" hits="19" branch="false"/>
                <line number="72" hits="19" branch="false"/>
                <line number="73" hits="19" branch="false"/>
                <line number="77" hits="19" branch="false"/>
                <line number="78" hits="2" branch="false"/>
                <line number="82" hits="19" branch="false"/>
                <line number="83" hits="19" branch="false"/>
                <line number="84" hits="19" branch="false"/>
                <line number="89" hits="19" branch="false"/>
                <line number="90" hits="19" branch="false"/>
                <line number="91" hits="19" branch="false"/>
                <line number="92" hits="19" branch="false"/>
                <line number="94" hits="19" branch="false"/>
                <line number="96" hits="19" branch="false"/>
                <line number="97" hits="10" branch="false"/>
                <line number="98" hits="19" branch="false"/>
                <line number="100" hits="19" branch="false"/>
                <line number="102" hits="19" branch="false"/>
                <line number="105" hits="19" branch="false"/>
                <line number="106" hits="16" branch="false"/>
                <line number="107" hits="19" branch="false"/>
                <line number="108" hits="19" branch="false"/>
                <line number="110" hits="19" branch="false"/>
                <line number="111" hits="19" branch="false"/>
                <line number="113" hits="9" branch="false"/>
                <line number="115" hits="19" branch="false"/>
              </lines>
            </method>
            <method name="[&lt;-.join_keys" signature="" line-rate="1" branch-rate="0" complexity="0">
              <lines>
                <line number="148" hits="11" branch="false"/>
                <line number="149" hits="11" branch="false"/>
                <line number="150" hits="4" branch="false"/>
                <line number="151" hits="7" branch="false"/>
                <line number="152" hits="2" branch="false"/>
                <line number="154" hits="5" branch="false"/>
                <line number="155" hits="5" branch="false"/>
                <line number="156" hits="5" branch="false"/>
                <line number="157" hits="5" branch="false"/>
                <line number="158" hits="5" branch="false"/>
                <line number="159" hits="5" branch="false"/>
                <line number="160" hits="5" branch="false"/>
                <line number="161" hits="5" branch="false"/>
                <line number="162" hits="5" branch="false"/>
                <line number="163" hits="5" branch="false"/>
                <line number="165" hits="2" branch="false"/>
                <line number="166" hits="2" branch="false"/>
                <line number="167" hits="2" branch="false"/>
                <line number="168" hits="2" branch="false"/>
                <line number="169" hits="2" branch="false"/>
                <line number="173" hits="3" branch="false"/>
                <line number="174" hits="1" branch="false"/>
                <line number="175" hits="1" branch="false"/>
                <line number="178" hits="2" branch="false"/>
              </lines>
            </method>
            <method name="[[&lt;-.join_keys" signature="" line-rate="1" branch-rate="0" complexity="0">
              <lines>
                <line number="204" hits="381" branch="false"/>
                <line number="205" hits="381" branch="false"/>
                <line number="206" hits="381" branch="false"/>
                <line number="207" hits="381" branch="false"/>
                <line number="208" hits="381" branch="false"/>
                <line number="209" hits="381" branch="false"/>
                <line number="210" hits="381" branch="false"/>
                <line number="211" hits="374" branch="false"/>
                <line number="212" hits="1" branch="false"/>
                <line number="216" hits="374" branch="false"/>
                <line number="217" hits="374" branch="false"/>
                <line number="218" hits="374" branch="false"/>
                <line number="219" hits="374" branch="false"/>
                <line number="222" hits="374" branch="false"/>
                <line number="223" hits="374" branch="false"/>
                <line number="224" hits="374" branch="false"/>
                <line number="225" hits="374" branch="false"/>
                <line number="226" hits="374" branch="false"/>
                <line number="227" hits="3" branch="false"/>
                <line number="228" hits="3" branch="false"/>
                <line number="229" hits="3" branch="false"/>
                <line number="230" hits="3" branch="false"/>
                <line number="231" hits="3" branch="false"/>
                <line number="232" hits="3" branch="false"/>
                <line number="233" hits="374" branch="false"/>
                <line number="234" hits="374" branch="false"/>
                <line number="235" hits="374" branch="false"/>
                <line number="237" hits="373" branch="false"/>
                <line number="238" hits="373" branch="false"/>
                <line number="241" hits="373" branch="false"/>
                <line number="244" hits="373" branch="false"/>
                <line number="247" hits="373" branch="false"/>
                <line number="250" hits="373" branch="false"/>
                <line number="251" hits="373" branch="false"/>
                <line number="252" hits="2" branch="false"/>
                <line number="253" hits="1" branch="false"/>
                <line number="255" hits="5" branch="false"/>
                <line number="258" hits="373" branch="false"/>
                <line number="261" hits="373" branch="false"/>
                <line number="262" hits="297" branch="false"/>
                <line number="264" hits="222" branch="false"/>
                <line number="267" hits="222" branch="false"/>
                <line number="268" hits="222" branch="false"/>
                <line number="271" hits="222" branch="false"/>
                <line number="274" hits="373" branch="false"/>
                <line number="276" hits="373" branch="false"/>
                <line number="277" hits="373" branch="false"/>
                <line number="281" hits="373" branch="false"/>
                <line number="282" hits="373" branch="false"/>
              </lines>
            </method>
          </methods>
          <lines>
            <line number="29" hits="31" branch="false"/>
            <line number="33" hits="1" branch="false"/>
            <line number="34" hits="30" branch="false"/>
            <line number="37" hits="2" branch="false"/>
            <line number="38" hits="28" branch="false"/>
            <line number="40" hits="9" branch="false"/>
            <line number="41" hits="9" branch="false"/>
            <line number="42" hits="9" branch="false"/>
            <line number="43" hits="9" branch="false"/>
            <line number="44" hits="9" branch="false"/>
            <line number="45" hits="9" branch="false"/>
            <line number="46" hits="9" branch="false"/>
            <line number="47" hits="9" branch="false"/>
            <line number="48" hits="9" branch="false"/>
            <line number="49" hits="9" branch="false"/>
            <line number="51" hits="1" branch="false"/>
            <line number="52" hits="1" branch="false"/>
            <line number="53" hits="1" branch="false"/>
            <line number="54" hits="1" branch="false"/>
            <line number="55" hits="1" branch="false"/>
            <line number="57" hits="1" branch="false"/>
            <line number="58" hits="1" branch="false"/>
            <line number="60" hits="8" branch="false"/>
            <line number="61" hits="8" branch="false"/>
            <line number="62" hits="19" branch="false"/>
            <line number="65" hits="1" branch="false"/>
            <line number="68" hits="19" branch="false"/>
            <line number="69" hits="19" branch="false"/>
            <line number="70" hits="19" branch="false"/>
            <line number="71" hits="19" branch="false"/>
            <line number="72" hits="19" branch="false"/>
            <line number="73" hits="19" branch="false"/>
            <line number="77" hits="19" branch="false"/>
            <line number="78" hits="2" branch="false"/>
            <line number="82" hits="19" branch="false"/>
            <line number="83" hits="19" branch="false"/>
            <line number="84" hits="19" branch="false"/>
            <line number="89" hits="19" branch="false"/>
            <line number="90" hits="19" branch="false"/>
            <line number="91" hits="19" branch="false"/>
            <line number="92" hits="19" branch="false"/>
            <line number="94" hits="19" branch="false"/>
            <line number="96" hits="19" branch="false"/>
            <line number="97" hits="10" branch="false"/>
            <line number="98" hits="19" branch="false"/>
            <line number="100" hits="19" branch="false"/>
            <line number="102" hits="19" branch="false"/>
            <line number="105" hits="19" branch="false"/>
            <line number="106" hits="16" branch="false"/>
            <line number="107" hits="19" branch="false"/>
            <line number="108" hits="19" branch="false"/>
            <line number="110" hits="19" branch="false"/>
            <line number="111" hits="19" branch="false"/>
            <line number="113" hits="9" branch="false"/>
            <line number="115" hits="19" branch="false"/>
            <line number="148" hits="11" branch="false"/>
            <line number="149" hits="11" branch="false"/>
            <line number="150" hits="4" branch="false"/>
            <line number="151" hits="7" branch="false"/>
            <line number="152" hits="2" branch="false"/>
            <line number="154" hits="5" branch="false"/>
            <line number="155" hits="5" branch="false"/>
            <line number="156" hits="5" branch="false"/>
            <line number="157" hits="5" branch="false"/>
            <line number="158" hits="5" branch="false"/>
            <line number="159" hits="5" branch="false"/>
            <line number="160" hits="5" branch="false"/>
            <line number="161" hits="5" branch="false"/>
            <line number="162" hits="5" branch="false"/>
            <line number="163" hits="5" branch="false"/>
            <line number="165" hits="2" branch="false"/>
            <line number="166" hits="2" branch="false"/>
            <line number="167" hits="2" branch="false"/>
            <line number="168" hits="2" branch="false"/>
            <line number="169" hits="2" branch="false"/>
            <line number="173" hits="3" branch="false"/>
            <line number="174" hits="1" branch="false"/>
            <line number="175" hits="1" branch="false"/>
            <line number="178" hits="2" branch="false"/>
            <line number="204" hits="381" branch="false"/>
            <line number="205" hits="381" branch="false"/>
            <line number="206" hits="381" branch="false"/>
            <line number="207" hits="381" branch="false"/>
            <line number="208" hits="381" branch="false"/>
            <line number="209" hits="381" branch="false"/>
            <line number="210" hits="381" branch="false"/>
            <line number="211" hits="374" branch="false"/>
            <line number="212" hits="1" branch="false"/>
            <line number="216" hits="374" branch="false"/>
            <line number="217" hits="374" branch="false"/>
            <line number="218" hits="374" branch="false"/>
            <line number="219" hits="374" branch="false"/>
            <line number="222" hits="374" branch="false"/>
            <line number="223" hits="374" branch="false"/>
            <line number="224" hits="374" branch="false"/>
            <line number="225" hits="374" branch="false"/>
            <line number="226" hits="374" branch="false"/>
            <line number="227" hits="3" branch="false"/>
            <line number="228" hits="3" branch="false"/>
            <line number="229" hits="3" branch="false"/>
            <line number="230" hits="3" branch="false"/>
            <line number="231" hits="3" branch="false"/>
            <line number="232" hits="3" branch="false"/>
            <line number="233" hits="374" branch="false"/>
            <line number="234" hits="374" branch="false"/>
            <line number="235" hits="374" branch="false"/>
            <line number="237" hits="373" branch="false"/>
            <line number="238" hits="373" branch="false"/>
            <line number="241" hits="373" branch="false"/>
            <line number="244" hits="373" branch="false"/>
            <line number="247" hits="373" branch="false"/>
            <line number="250" hits="373" branch="false"/>
            <line number="251" hits="373" branch="false"/>
            <line number="252" hits="2" branch="false"/>
            <line number="253" hits="1" branch="false"/>
            <line number="255" hits="5" branch="false"/>
            <line number="258" hits="373" branch="false"/>
            <line number="261" hits="373" branch="false"/>
            <line number="262" hits="297" branch="false"/>
            <line number="264" hits="222" branch="false"/>
            <line number="267" hits="222" branch="false"/>
            <line number="268" hits="222" branch="false"/>
            <line number="271" hits="222" branch="false"/>
            <line number="274" hits="373" branch="false"/>
            <line number="276" hits="373" branch="false"/>
            <line number="277" hits="373" branch="false"/>
            <line number="281" hits="373" branch="false"/>
            <line number="282" hits="373" branch="false"/>
          </lines>
        </class>
        <class name="join_keys-names.R" filename="R/join_keys-names.R" line-rate="1" branch-rate="0" complexity="0">
          <methods>
            <method name="names&lt;-.join_keys" signature="" line-rate="1" branch-rate="0" complexity="0">
              <lines>
                <line number="6" hits="2" branch="false"/>
                <line number="7" hits="2" branch="false"/>
                <line number="9" hits="2" branch="false"/>
                <line number="10" hits="3" branch="false"/>
                <line number="11" hits="3" branch="false"/>
                <line number="14" hits="3" branch="false"/>
                <line number="15" hits="7" branch="false"/>
                <line number="19" hits="3" branch="false"/>
                <line number="22" hits="3" branch="false"/>
                <line number="23" hits="3" branch="false"/>
                <line number="24" hits="3" branch="false"/>
                <line number="25" hits="3" branch="false"/>
                <line number="26" hits="3" branch="false"/>
                <line number="30" hits="2" branch="false"/>
                <line number="31" hits="2" branch="false"/>
              </lines>
            </method>
          </methods>
          <lines>
            <line number="6" hits="2" branch="false"/>
            <line number="7" hits="2" branch="false"/>
            <line number="9" hits="2" branch="false"/>
            <line number="10" hits="3" branch="false"/>
            <line number="11" hits="3" branch="false"/>
            <line number="14" hits="3" branch="false"/>
            <line number="15" hits="7" branch="false"/>
            <line number="19" hits="3" branch="false"/>
            <line number="22" hits="3" branch="false"/>
            <line number="23" hits="3" branch="false"/>
            <line number="24" hits="3" branch="false"/>
            <line number="25" hits="3" branch="false"/>
            <line number="26" hits="3" branch="false"/>
            <line number="30" hits="2" branch="false"/>
            <line number="31" hits="2" branch="false"/>
          </lines>
        </class>
        <class name="join_keys-parents.R" filename="R/join_keys-parents.R" line-rate="1" branch-rate="0" complexity="0">
          <methods>
            <method name="parents" signature="" line-rate="1" branch-rate="0" complexity="0">
              <lines>
                <line number="16" hits="605" branch="false"/>
              </lines>
            </method>
            <method name="parents.join_keys" signature="" line-rate="1" branch-rate="0" complexity="0">
              <lines>
                <line number="27" hits="1" branch="false"/>
              </lines>
            </method>
            <method name="parents.teal_data" signature="" line-rate="1" branch-rate="0" complexity="0">
              <lines>
                <line number="44" hits="1" branch="false"/>
              </lines>
            </method>
            <method name="parents&lt;-" signature="" line-rate="1" branch-rate="0" complexity="0">
              <lines>
                <line number="53" hits="428" branch="false"/>
              </lines>
            </method>
            <method name="parents&lt;-.join_keys" signature="" line-rate="1" branch-rate="0" complexity="0">
              <lines>
                <line number="75" hits="427" branch="false"/>
                <line number="77" hits="424" branch="false"/>
                <line number="79" hits="424" branch="false"/>
                <line number="81" hits="161" branch="false"/>
                <line number="83" hits="160" branch="false"/>
                <line number="84" hits="160" branch="false"/>
                <line number="85" hits="160" branch="false"/>
                <line number="86" hits="160" branch="false"/>
                <line number="87" hits="160" branch="false"/>
                <line number="88" hits="160" branch="false"/>
                <line number="89" hits="160" branch="false"/>
                <line number="90" hits="160" branch="false"/>
                <line number="91" hits="160" branch="false"/>
                <line number="92" hits="160" branch="false"/>
                <line number="93" hits="160" branch="false"/>
                <line number="94" hits="160" branch="false"/>
                <line number="95" hits="160" branch="false"/>
                <line number="99" hits="423" branch="false"/>
                <line number="100" hits="4" branch="false"/>
                <line number="103" hits="419" branch="false"/>
                <line number="105" hits="419" branch="false"/>
                <line number="106" hits="418" branch="false"/>
              </lines>
            </method>
            <method name="parents&lt;-.teal_data" signature="" line-rate="1" branch-rate="0" complexity="0">
              <lines>
                <line number="118" hits="1" branch="false"/>
                <line number="119" hits="1" branch="false"/>
              </lines>
            </method>
            <method name="parent" signature="" line-rate="1" branch-rate="0" complexity="0">
              <lines>
                <line number="137" hits="105" branch="false"/>
                <line number="139" hits="105" branch="false"/>
              </lines>
            </method>
          </methods>
          <lines>
            <line number="16" hits="605" branch="false"/>
            <line number="27" hits="1" branch="false"/>
            <line number="44" hits="1" branch="false"/>
            <line number="53" hits="428" branch="false"/>
            <line number="75" hits="427" branch="false"/>
            <line number="77" hits="424" branch="false"/>
            <line number="79" hits="424" branch="false"/>
            <line number="81" hits="161" branch="false"/>
            <line number="83" hits="160" branch="false"/>
            <line number="84" hits="160" branch="false"/>
            <line number="85" hits="160" branch="false"/>
            <line number="86" hits="160" branch="false"/>
            <line number="87" hits="160" branch="false"/>
            <line number="88" hits="160" branch="false"/>
            <line number="89" hits="160" branch="false"/>
            <line number="90" hits="160" branch="false"/>
            <line number="91" hits="160" branch="false"/>
            <line number="92" hits="160" branch="false"/>
            <line number="93" hits="160" branch="false"/>
            <line number="94" hits="160" branch="false"/>
            <line number="95" hits="160" branch="false"/>
            <line number="99" hits="423" branch="false"/>
            <line number="100" hits="4" branch="false"/>
            <line number="103" hits="419" branch="false"/>
            <line number="105" hits="419" branch="false"/>
            <line number="106" hits="418" branch="false"/>
            <line number="118" hits="1" branch="false"/>
            <line number="119" hits="1" branch="false"/>
            <line number="137" hits="105" branch="false"/>
            <line number="139" hits="105" branch="false"/>
          </lines>
        </class>
        <class name="join_keys-print.R" filename="R/join_keys-print.R" line-rate="1" branch-rate="0" complexity="0">
          <methods>
            <method name="format.join_keys" signature="" line-rate="1" branch-rate="0" complexity="0">
              <lines>
                <line number="5" hits="6" branch="false"/>
                <line number="6" hits="5" branch="false"/>
                <line number="7" hits="5" branch="false"/>
                <line number="8" hits="5" branch="false"/>
                <line number="9" hits="5" branch="false"/>
                <line number="10" hits="5" branch="false"/>
                <line number="11" hits="5" branch="false"/>
                <line number="12" hits="5" branch="false"/>
                <line number="13" hits="5" branch="false"/>
                <line number="14" hits="5" branch="false"/>
                <line number="15" hits="5" branch="false"/>
                <line number="16" hits="5" branch="false"/>
                <line number="17" hits="4" branch="false"/>
                <line number="18" hits="5" branch="false"/>
                <line number="19" hits="5" branch="false"/>
                <line number="20" hits="5" branch="false"/>
                <line number="22" hits="5" branch="false"/>
                <line number="23" hits="5" branch="false"/>
                <line number="24" hits="5" branch="false"/>
                <line number="25" hits="5" branch="false"/>
                <line number="26" hits="5" branch="false"/>
                <line number="27" hits="5" branch="false"/>
                <line number="28" hits="5" branch="false"/>
                <line number="30" hits="5" branch="false"/>
                <line number="31" hits="5" branch="false"/>
                <line number="32" hits="2" branch="false"/>
                <line number="33" hits="2" branch="false"/>
                <line number="34" hits="2" branch="false"/>
                <line number="35" hits="2" branch="false"/>
                <line number="36" hits="2" branch="false"/>
                <line number="37" hits="2" branch="false"/>
                <line number="38" hits="2" branch="false"/>
                <line number="39" hits="5" branch="false"/>
                <line number="41" hits="5" branch="false"/>
                <line number="42" hits="5" branch="false"/>
                <line number="43" hits="5" branch="false"/>
                <line number="44" hits="5" branch="false"/>
                <line number="45" hits="5" branch="false"/>
                <line number="46" hits="5" branch="false"/>
                <line number="47" hits="5" branch="false"/>
                <line number="48" hits="5" branch="false"/>
                <line number="49" hits="5" branch="false"/>
                <line number="51" hits="1" branch="false"/>
              </lines>
            </method>
            <method name="print.join_keys" signature="" line-rate="1" branch-rate="0" complexity="0">
              <lines>
                <line number="59" hits="1" branch="false"/>
                <line number="60" hits="1" branch="false"/>
              </lines>
            </method>
          </methods>
          <lines>
            <line number="5" hits="6" branch="false"/>
            <line number="6" hits="5" branch="false"/>
            <line number="7" hits="5" branch="false"/>
            <line number="8" hits="5" branch="false"/>
            <line number="9" hits="5" branch="false"/>
            <line number="10" hits="5" branch="false"/>
            <line number="11" hits="5" branch="false"/>
            <line number="12" hits="5" branch="false"/>
            <line number="13" hits="5" branch="false"/>
            <line number="14" hits="5" branch="false"/>
            <line number="15" hits="5" branch="false"/>
            <line number="16" hits="5" branch="false"/>
            <line number="17" hits="4" branch="false"/>
            <line number="18" hits="5" branch="false"/>
            <line number="19" hits="5" branch="false"/>
            <line number="20" hits="5" branch="false"/>
            <line number="22" hits="5" branch="false"/>
            <line number="23" hits="5" branch="false"/>
            <line number="24" hits="5" branch="false"/>
            <line number="25" hits="5" branch="false"/>
            <line number="26" hits="5" branch="false"/>
            <line number="27" hits="5" branch="false"/>
            <line number="28" hits="5" branch="false"/>
            <line number="30" hits="5" branch="false"/>
            <line number="31" hits="5" branch="false"/>
            <line number="32" hits="2" branch="false"/>
            <line number="33" hits="2" branch="false"/>
            <line number="34" hits="2" branch="false"/>
            <line number="35" hits="2" branch="false"/>
            <line number="36" hits="2" branch="false"/>
            <line number="37" hits="2" branch="false"/>
            <line number="38" hits="2" branch="false"/>
            <line number="39" hits="5" branch="false"/>
            <line number="41" hits="5" branch="false"/>
            <line number="42" hits="5" branch="false"/>
            <line number="43" hits="5" branch="false"/>
            <line number="44" hits="5" branch="false"/>
            <line number="45" hits="5" branch="false"/>
            <line number="46" hits="5" branch="false"/>
            <line number="47" hits="5" branch="false"/>
            <line number="48" hits="5" branch="false"/>
            <line number="49" hits="5" branch="false"/>
            <line number="51" hits="1" branch="false"/>
            <line number="59" hits="1" branch="false"/>
            <line number="60" hits="1" branch="false"/>
          </lines>
        </class>
        <class name="join_keys-utils.R" filename="R/join_keys-utils.R" line-rate="0.958904109589041" branch-rate="0" complexity="0">
          <methods>
            <method name="assert_compatible_keys" signature="" line-rate="0.842105263157895" branch-rate="0" complexity="0">
              <lines>
                <line number="8" hits="3" branch="false"/>
                <line number="9" hits="1" branch="false"/>
                <line number="10" hits="1" branch="false"/>
                <line number="11" hits="1" branch="false"/>
                <line number="12" hits="3" branch="false"/>
                <line number="14" hits="3" branch="false"/>
                <line number="15" hits="3" branch="false"/>
                <line number="16" hits="3" branch="false"/>
                <line number="18" hits="3" branch="false"/>
                <line number="19" hits="3" branch="false"/>
                <line number="20" hits="3" branch="false"/>
                <line number="24" hits="3" branch="false"/>
                <line number="25" hits="3" branch="false"/>
                <line number="26" hits="1" branch="false"/>
                <line number="33" hits="2" branch="false"/>
                <line number="35" hits="0" branch="false"/>
                <line number="36" hits="0" branch="false"/>
                <line number="38" hits="0" branch="false"/>
                <line number="43" hits="2" branch="false"/>
              </lines>
            </method>
            <method name="assert_parent_child" signature="" line-rate="1" branch-rate="0" complexity="0">
              <lines>
                <line number="56" hits="432" branch="false"/>
                <line number="57" hits="432" branch="false"/>
                <line number="59" hits="432" branch="false"/>
                <line number="61" hits="432" branch="false"/>
                <line number="62" hits="432" branch="false"/>
                <line number="63" hits="170" branch="false"/>
                <line number="64" hits="170" branch="false"/>
                <line number="65" hits="170" branch="false"/>
                <line number="66" hits="170" branch="false"/>
                <line number="67" hits="170" branch="false"/>
                <line number="68" hits="170" branch="false"/>
                <line number="69" hits="1" branch="false"/>
                <line number="74" hits="431" branch="false"/>
              </lines>
            </method>
            <method name="assert_compatible_keys2" signature="" line-rate="1" branch-rate="0" complexity="0">
              <lines>
                <line number="85" hits="3" branch="false"/>
                <line number="86" hits="3" branch="false"/>
                <line number="87" hits="3" branch="false"/>
                <line number="88" hits="3" branch="false"/>
                <line number="89" hits="3" branch="false"/>
                <line number="90" hits="3" branch="false"/>
                <line number="91" hits="3" branch="false"/>
                <line number="92" hits="3" branch="false"/>
                <line number="93" hits="3" branch="false"/>
                <line number="94" hits="3" branch="false"/>
                <line number="95" hits="3" branch="false"/>
                <line number="96" hits="3" branch="false"/>
                <line number="97" hits="3" branch="false"/>
                <line number="99" hits="3" branch="false"/>
                <line number="100" hits="3" branch="false"/>
                <line number="102" hits="3" branch="false"/>
                <line number="103" hits="3" branch="false"/>
                <line number="104" hits="3" branch="false"/>
                <line number="107" hits="2" branch="false"/>
              </lines>
            </method>
            <method name="update_keys_given_parents" signature="" line-rate="1" branch-rate="0" complexity="0">
              <lines>
                <line number="118" hits="13" branch="false"/>
                <line number="120" hits="13" branch="false"/>
                <line number="122" hits="13" branch="false"/>
                <line number="123" hits="13" branch="false"/>
                <line number="124" hits="35" branch="false"/>
                <line number="125" hits="35" branch="false"/>
                <line number="126" hits="35" branch="false"/>
                <line number="127" hits="38" branch="false"/>
                <line number="128" hits="16" branch="false"/>
                <line number="130" hits="12" branch="false"/>
                <line number="133" hits="4" branch="false"/>
                <line number="134" hits="4" branch="false"/>
                <line number="136" hits="4" branch="false"/>
                <line number="137" hits="4" branch="false"/>
                <line number="140" hits="1" branch="false"/>
                <line number="142" hits="3" branch="false"/>
                <line number="143" hits="3" branch="false"/>
                <line number="144" hits="3" branch="false"/>
                <line number="145" hits="3" branch="false"/>
                <line number="146" hits="3" branch="false"/>
                <line number="151" hits="13" branch="false"/>
                <line number="153" hits="13" branch="false"/>
              </lines>
            </method>
          </methods>
          <lines>
            <line number="8" hits="3" branch="false"/>
            <line number="9" hits="1" branch="false"/>
            <line number="10" hits="1" branch="false"/>
            <line number="11" hits="1" branch="false"/>
            <line number="12" hits="3" branch="false"/>
            <line number="14" hits="3" branch="false"/>
            <line number="15" hits="3" branch="false"/>
            <line number="16" hits="3" branch="false"/>
            <line number="18" hits="3" branch="false"/>
            <line number="19" hits="3" branch="false"/>
            <line number="20" hits="3" branch="false"/>
            <line number="24" hits="3" branch="false"/>
            <line number="25" hits="3" branch="false"/>
            <line number="26" hits="1" branch="false"/>
            <line number="33" hits="2" branch="false"/>
            <line number="35" hits="0" branch="false"/>
            <line number="36" hits="0" branch="false"/>
            <line number="38" hits="0" branch="false"/>
            <line number="43" hits="2" branch="false"/>
            <line number="56" hits="432" branch="false"/>
            <line number="57" hits="432" branch="false"/>
            <line number="59" hits="432" branch="false"/>
            <line number="61" hits="432" branch="false"/>
            <line number="62" hits="432" branch="false"/>
            <line number="63" hits="170" branch="false"/>
            <line number="64" hits="170" branch="false"/>
            <line number="65" hits="170" branch="false"/>
            <line number="66" hits="170" branch="false"/>
            <line number="67" hits="170" branch="false"/>
            <line number="68" hits="170" branch="false"/>
            <line number="69" hits="1" branch="false"/>
            <line number="74" hits="431" branch="false"/>
            <line number="85" hits="3" branch="false"/>
            <line number="86" hits="3" branch="false"/>
            <line number="87" hits="3" branch="false"/>
            <line number="88" hits="3" branch="false"/>
            <line number="89" hits="3" branch="false"/>
            <line number="90" hits="3" branch="false"/>
            <line number="91" hits="3" branch="false"/>
            <line number="92" hits="3" branch="false"/>
            <line number="93" hits="3" branch="false"/>
            <line number="94" hits="3" branch="false"/>
            <line number="95" hits="3" branch="false"/>
            <line number="96" hits="3" branch="false"/>
            <line number="97" hits="3" branch="false"/>
            <line number="99" hits="3" branch="false"/>
            <line number="100" hits="3" branch="false"/>
            <line number="102" hits="3" branch="false"/>
            <line number="103" hits="3" branch="false"/>
            <line number="104" hits="3" branch="false"/>
            <line number="107" hits="2" branch="false"/>
            <line number="118" hits="13" branch="false"/>
            <line number="120" hits="13" branch="false"/>
            <line number="122" hits="13" branch="false"/>
            <line number="123" hits="13" branch="false"/>
            <line number="124" hits="35" branch="false"/>
            <line number="125" hits="35" branch="false"/>
            <line number="126" hits="35" branch="false"/>
            <line number="127" hits="38" branch="false"/>
            <line number="128" hits="16" branch="false"/>
            <line number="130" hits="12" branch="false"/>
            <line number="133" hits="4" branch="false"/>
            <line number="134" hits="4" branch="false"/>
            <line number="136" hits="4" branch="false"/>
            <line number="137" hits="4" branch="false"/>
            <line number="140" hits="1" branch="false"/>
            <line number="142" hits="3" branch="false"/>
            <line number="143" hits="3" branch="false"/>
            <line number="144" hits="3" branch="false"/>
            <line number="145" hits="3" branch="false"/>
            <line number="146" hits="3" branch="false"/>
            <line number="151" hits="13" branch="false"/>
            <line number="153" hits="13" branch="false"/>
          </lines>
        </class>
        <class name="join_keys.R" filename="R/join_keys.R" line-rate="1" branch-rate="0" complexity="0">
          <methods>
            <method name="join_keys" signature="" line-rate="1" branch-rate="0" complexity="0">
              <lines>
                <line number="59" hits="789" branch="false"/>
                <line number="60" hits="226" branch="false"/>
                <line number="62" hits="563" branch="false"/>
                <line number="63" hits="563" branch="false"/>
                <line number="64" hits="498" branch="false"/>
                <line number="66" hits="65" branch="false"/>
              </lines>
            </method>
            <method name="join_keys.default" signature="" line-rate="1" branch-rate="0" complexity="0">
              <lines>
                <line number="74" hits="110" branch="false"/>
              </lines>
            </method>
            <method name="join_keys.join_keys" signature="" line-rate="1" branch-rate="0" complexity="0">
              <lines>
                <line number="81" hits="449" branch="false"/>
                <line number="82" hits="449" branch="false"/>
              </lines>
            </method>
            <method name="join_keys.teal_data" signature="" line-rate="1" branch-rate="0" complexity="0">
              <lines>
                <line number="89" hits="4" branch="false"/>
                <line number="90" hits="4" branch="false"/>
              </lines>
            </method>
            <method name="join_keys&lt;-" signature="" line-rate="1" branch-rate="0" complexity="0">
              <lines>
                <line number="106" hits="8" branch="false"/>
                <line number="107" hits="8" branch="false"/>
              </lines>
            </method>
            <method name="join_keys&lt;-.join_keys" signature="" line-rate="1" branch-rate="0" complexity="0">
              <lines>
                <line number="129" hits="6" branch="false"/>
              </lines>
            </method>
            <method name="join_keys&lt;-.teal_data" signature="" line-rate="1" branch-rate="0" complexity="0">
              <lines>
                <line number="146" hits="2" branch="false"/>
                <line number="147" hits="2" branch="false"/>
              </lines>
            </method>
            <method name="new_join_keys" signature="" line-rate="1" branch-rate="0" complexity="0">
              <lines>
                <line number="156" hits="355" branch="false"/>
                <line number="157" hits="355" branch="false"/>
                <line number="158" hits="355" branch="false"/>
                <line number="159" hits="355" branch="false"/>
                <line number="160" hits="355" branch="false"/>
              </lines>
            </method>
          </methods>
          <lines>
            <line number="59" hits="789" branch="false"/>
            <line number="60" hits="226" branch="false"/>
            <line number="62" hits="563" branch="false"/>
            <line number="63" hits="563" branch="false"/>
            <line number="64" hits="498" branch="false"/>
            <line number="66" hits="65" branch="false"/>
            <line number="74" hits="110" branch="false"/>
            <line number="81" hits="449" branch="false"/>
            <line number="82" hits="449" branch="false"/>
            <line number="89" hits="4" branch="false"/>
            <line number="90" hits="4" branch="false"/>
            <line number="106" hits="8" branch="false"/>
            <line number="107" hits="8" branch="false"/>
            <line number="129" hits="6" branch="false"/>
            <line number="146" hits="2" branch="false"/>
            <line number="147" hits="2" branch="false"/>
            <line number="156" hits="355" branch="false"/>
            <line number="157" hits="355" branch="false"/>
            <line number="158" hits="355" branch="false"/>
            <line number="159" hits="355" branch="false"/>
            <line number="160" hits="355" branch="false"/>
          </lines>
        </class>
        <class name="teal_data-class.R" filename="R/teal_data-class.R" line-rate="0.96" branch-rate="0" complexity="0">
          <methods>
            <method name="new_teal_data" signature="" line-rate="0.96" branch-rate="0" complexity="0">
              <lines>
                <line number="64" hits="77" branch="false"/>
                <line number="65" hits="77" branch="false"/>
                <line number="66" hits="45" branch="false"/>
                <line number="67" hits="77" branch="false"/>
                <line number="68" hits="77" branch="false"/>
                <line number="69" hits="0" branch="false"/>
                <line number="72" hits="77" branch="false"/>
                <line number="73" hits="2" branch="false"/>
                <line number="75" hits="77" branch="false"/>
                <line number="76" hits="13" branch="false"/>
                <line number="78" hits="77" branch="false"/>
                <line number="80" hits="77" branch="false"/>
                <line number="82" hits="77" branch="false"/>
                <line number="83" hits="77" branch="false"/>
                <line number="85" hits="77" branch="false"/>
                <line number="86" hits="77" branch="false"/>
                <line number="87" hits="77" branch="false"/>
                <line number="88" hits="77" branch="false"/>
                <line number="89" hits="77" branch="false"/>
                <line number="90" hits="77" branch="false"/>
                <line number="91" hits="77" branch="false"/>
                <line number="92" hits="77" branch="false"/>
                <line number="93" hits="77" branch="false"/>
                <line number="94" hits="77" branch="false"/>
                <line number="95" hits="77" branch="false"/>
              </lines>
            </method>
          </methods>
          <lines>
            <line number="64" hits="77" branch="false"/>
            <line number="65" hits="77" branch="false"/>
            <line number="66" hits="45" branch="false"/>
            <line number="67" hits="77" branch="false"/>
            <line number="68" hits="77" branch="false"/>
            <line number="69" hits="0" branch="false"/>
            <line number="72" hits="77" branch="false"/>
            <line number="73" hits="2" branch="false"/>
            <line number="75" hits="77" branch="false"/>
            <line number="76" hits="13" branch="false"/>
            <line number="78" hits="77" branch="false"/>
            <line number="80" hits="77" branch="false"/>
            <line number="82" hits="77" branch="false"/>
            <line number="83" hits="77" branch="false"/>
            <line number="85" hits="77" branch="false"/>
            <line number="86" hits="77" branch="false"/>
            <line number="87" hits="77" branch="false"/>
            <line number="88" hits="77" branch="false"/>
            <line number="89" hits="77" branch="false"/>
            <line number="90" hits="77" branch="false"/>
            <line number="91" hits="77" branch="false"/>
            <line number="92" hits="77" branch="false"/>
            <line number="93" hits="77" branch="false"/>
            <line number="94" hits="77" branch="false"/>
            <line number="95" hits="77" branch="false"/>
          </lines>
        </class>
        <class name="teal_data-datanames.R" filename="R/teal_data-datanames.R" line-rate="1" branch-rate="0" complexity="0">
          <methods>
            <method name="datanames" signature="" line-rate="1" branch-rate="0" complexity="0">
              <lines>
                <line number="32" hits="6" branch="false"/>
              </lines>
            </method>
            <method name="teal_data" signature="" line-rate="0.703703703703704" branch-rate="0" complexity="0">
              <lines>
                <line number="34" hits="4" branch="false"/>
                <line number="105" hits="48" branch="false"/>
                <line number="106" hits="48" branch="false"/>
                <line number="108" hits="48" branch="false"/>
                <line number="109" hits="44" branch="false"/>
                <line number="110" hits="48" branch="false"/>
                <line number="111" hits="4" branch="false"/>
                <line number="112" hits="48" branch="false"/>
                <line number="114" hits="48" branch="false"/>
                <line number="115" hits="11" branch="false"/>
                <line number="118" hits="48" branch="false"/>
                <line number="119" hits="47" branch="false"/>
                <line number="120" hits="1" branch="false"/>
                <line number="122" hits="46" branch="false"/>
                <line number="125" hits="1" branch="false"/>
                <line number="14" hits="0" branch="false"/>
                <line number="15" hits="0" branch="false"/>
                <line number="17" hits="0" branch="false"/>
                <line number="19" hits="0" branch="false"/>
                <line number="29" hits="77" branch="false"/>
                <line number="30" hits="77" branch="false"/>
                <line number="31" hits="0" branch="false"/>
                <line number="34" hits="77" branch="false"/>
                <line number="35" hits="77" branch="false"/>
                <line number="36" hits="77" branch="false"/>
                <line number="37" hits="77" branch="false"/>
                <line number="38" hits="77" branch="false"/>
                <line number="40" hits="0" branch="false"/>
                <line number="41" hits="0" branch="false"/>
                <line number="42" hits="0" branch="false"/>
                <line number="43" hits="0" branch="false"/>
                <line number="44" hits="0" branch="false"/>
                <line number="45" hits="0" branch="false"/>
                <line number="46" hits="0" branch="false"/>
                <line number="48" hits="77" branch="false"/>
                <line number="49" hits="0" branch="false"/>
                <line number="51" hits="77" branch="false"/>
                <line number="52" hits="77" branch="false"/>
                <line number="53" hits="77" branch="false"/>
                <line number="54" hits="77" branch="false"/>
                <line number="55" hits="77" branch="false"/>
                <line number="56" hits="4" branch="false"/>
[...]
                <line number="396" hits="42" branch="false"/>
                <line number="397" hits="42" branch="false"/>
                <line number="398" hits="42" branch="false"/>
                <line number="399" hits="42" branch="false"/>
                <line number="400" hits="42" branch="false"/>
                <line number="401" hits="42" branch="false"/>
                <line number="402" hits="42" branch="false"/>
                <line number="403" hits="42" branch="false"/>
                <line number="404" hits="42" branch="false"/>
              </lines>
            </method>
          </methods>
          <lines>
            <line number="29" hits="44" branch="false"/>
            <line number="30" hits="44" branch="false"/>
            <line number="32" hits="44" branch="false"/>
            <line number="33" hits="2" branch="false"/>
            <line number="36" hits="42" branch="false"/>
            <line number="37" hits="42" branch="false"/>
            <line number="38" hits="42" branch="false"/>
            <line number="40" hits="42" branch="false"/>
            <line number="42" hits="42" branch="false"/>
            <line number="43" hits="42" branch="false"/>
            <line number="44" hits="4" branch="false"/>
            <line number="45" hits="4" branch="false"/>
            <line number="46" hits="4" branch="false"/>
            <line number="47" hits="4" branch="false"/>
            <line number="49" hits="42" branch="false"/>
            <line number="50" hits="1" branch="false"/>
            <line number="54" hits="42" branch="false"/>
            <line number="55" hits="42" branch="false"/>
            <line number="57" hits="42" branch="false"/>
            <line number="59" hits="42" branch="false"/>
            <line number="78" hits="332" branch="false"/>
            <line number="79" hits="332" branch="false"/>
            <line number="80" hits="332" branch="false"/>
            <line number="82" hits="332" branch="false"/>
            <line number="83" hits="332" branch="false"/>
            <line number="84" hits="24" branch="false"/>
            <line number="86" hits="308" branch="false"/>
            <line number="102" hits="42" branch="false"/>
            <line number="103" hits="42" branch="false"/>
            <line number="104" hits="42" branch="false"/>
            <line number="105" hits="42" branch="false"/>
            <line number="106" hits="42" branch="false"/>
            <line number="107" hits="42" branch="false"/>
            <line number="108" hits="42" branch="false"/>
            <line number="109" hits="42" branch="false"/>
            <line number="110" hits="42" branch="false"/>
            <line number="111" hits="42" branch="false"/>
            <line number="112" hits="42" branch="false"/>
            <line number="113" hits="42" branch="false"/>
            <line number="114" hits="42" branch="false"/>
            <line number="120" hits="1827" branch="false"/>
            <line number="121" hits="1827" branch="false"/>
            <line number="122" hits="1827" branch="false"/>
            <line number="123" hits="1065" branch="false"/>
            <line number="126" hits="762" branch="false"/>
            <line number="127" hits="762" branch="false"/>
            <line number="137" hits="42" branch="false"/>
            <line number="138" hits="41" branch="false"/>
            <line number="139" hits="113" branch="false"/>
            <line number="140" hits="113" branch="false"/>
            <line number="141" hits="4" branch="false"/>
            <line number="142" hits="4" branch="false"/>
            <line number="143" hits="4" branch="false"/>
            <line number="144" hits="4" branch="false"/>
            <line number="145" hits="4" branch="false"/>
            <line number="149" hits="42" branch="false"/>
            <line number="157" hits="42" branch="false"/>
            <line number="158" hits="42" branch="false"/>
            <line number="159" hits="42" branch="false"/>
            <line number="160" hits="42" branch="false"/>
            <line number="161" hits="42" branch="false"/>
            <line number="162" hits="42" branch="false"/>
            <line number="163" hits="42" branch="false"/>
            <line number="164" hits="42" branch="false"/>
            <line number="165" hits="42" branch="false"/>
            <line number="166" hits="42" branch="false"/>
            <line number="167" hits="42" branch="false"/>
            <line number="192" hits="42" branch="false"/>
            <line number="194" hits="42" branch="false"/>
            <line number="196" hits="42" branch="false"/>
            <line number="219" hits="42" branch="false"/>
            <line number="222" hits="42" branch="false"/>
            <line number="223" hits="42" branch="false"/>
            <line number="224" hits="9" branch="false"/>
            <line number="225" hits="42" branch="false"/>
            <line number="226" hits="42" branch="false"/>
            <line number="227" hits="42" branch="false"/>
            <line number="228" hits="42" branch="false"/>
            <line number="229" hits="42" branch="false"/>
            <line number="230" hits="42" branch="false"/>
            <line number="231" hits="42" branch="false"/>
            <line number="233" hits="42" branch="false"/>
            <line number="234" hits="42" branch="false"/>
            <line number="235" hits="2" branch="false"/>
            <line number="236" hits="2" branch="false"/>
            <line number="237" hits="42" branch="false"/>
            <line number="239" hits="42" branch="false"/>
            <line number="240" hits="42" branch="false"/>
            <line number="244" hits="11" branch="false"/>
            <line number="245" hits="8" branch="false"/>
            <line number="247" hits="8" branch="false"/>
            <line number="248" hits="8" branch="false"/>
            <line number="249" hits="8" branch="false"/>
            <line number="250" hits="36" branch="false"/>
            <line number="251" hits="8" branch="false"/>
            <line number="252" hits="42" branch="false"/>
            <line number="253" hits="42" branch="false"/>
            <line number="254" hits="7" branch="false"/>
            <line number="255" hits="42" branch="false"/>
            <line number="256" hits="8" branch="false"/>
            <line number="257" hits="8" branch="false"/>
            <line number="258" hits="0" branch="false"/>
            <line number="259" hits="42" branch="false"/>
            <line number="266" hits="42" branch="false"/>
            <line number="268" hits="3" branch="false"/>
            <line number="269" hits="42" branch="false"/>
            <line number="270" hits="11" branch="false"/>
            <line number="271" hits="11" branch="false"/>
            <line number="272" hits="42" branch="false"/>
            <line number="275" hits="42" branch="false"/>
            <line number="276" hits="42" branch="false"/>
            <line number="278" hits="42" branch="false"/>
            <line number="279" hits="2" branch="false"/>
            <line number="280" hits="42" branch="false"/>
            <line number="283" hits="42" branch="false"/>
            <line number="284" hits="42" branch="false"/>
            <line number="285" hits="12" branch="false"/>
            <line number="286" hits="12" branch="false"/>
            <line number="287" hits="12" branch="false"/>
            <line number="288" hits="42" branch="false"/>
            <line number="290" hits="42" branch="false"/>
            <line number="291" hits="42" branch="false"/>
            <line number="292" hits="19" branch="false"/>
            <line number="293" hits="42" branch="false"/>
            <line number="295" hits="42" branch="false"/>
            <line number="297" hits="42" branch="false"/>
            <line number="298" hits="1" branch="false"/>
            <line number="299" hits="42" branch="false"/>
            <line number="301" hits="42" branch="false"/>
            <line number="305" hits="42" branch="false"/>
            <line number="306" hits="42" branch="false"/>
            <line number="330" hits="42" branch="false"/>
            <line number="331" hits="42" branch="false"/>
            <line number="332" hits="42" branch="false"/>
            <line number="333" hits="42" branch="false"/>
            <line number="334" hits="42" branch="false"/>
            <line number="335" hits="42" branch="false"/>
            <line number="336" hits="42" branch="false"/>
            <line number="352" hits="182" branch="false"/>
            <line number="353" hits="182" branch="false"/>
            <line number="354" hits="182" branch="false"/>
            <line number="355" hits="182" branch="false"/>
            <line number="356" hits="182" branch="false"/>
            <line number="357" hits="182" branch="false"/>
            <line number="358" hits="182" branch="false"/>
            <line number="360" hits="182" branch="false"/>
            <line number="361" hits="96" branch="false"/>
            <line number="362" hits="96" branch="false"/>
            <line number="363" hits="182" branch="false"/>
            <line number="364" hits="182" branch="false"/>
            <line number="366" hits="182" branch="false"/>
            <line number="367" hits="68" branch="false"/>
            <line number="368" hits="68" branch="false"/>
            <line number="369" hits="68" branch="false"/>
            <line number="370" hits="68" branch="false"/>
            <line number="372" hits="114" branch="false"/>
            <line number="394" hits="42" branch="false"/>
            <line number="396" hits="42" branch="false"/>
            <line number="397" hits="42" branch="false"/>
            <line number="398" hits="42" branch="false"/>
            <line number="399" hits="42" branch="false"/>
            <line number="400" hits="42" branch="false"/>
            <line number="401" hits="42" branch="false"/>
            <line number="402" hits="42" branch="false"/>
            <line number="403" hits="42" branch="false"/>
            <line number="404" hits="42" branch="false"/>
          </lines>
        </class>
        <class name="verify.R" filename="R/verify.R" line-rate="0.738095238095238" branch-rate="0" complexity="0">
          <methods>
            <method name="verify" signature="" line-rate="1" branch-rate="0" complexity="0">
              <lines>
                <line number="54" hits="5" branch="false"/>
              </lines>
            </method>
            <method name="teal_data" signature="" line-rate="0.703703703703704" branch-rate="0" complexity="0">
              <lines>
                <line number="34" hits="4" branch="false"/>
                <line number="105" hits="48" branch="false"/>
                <line number="106" hits="48" branch="false"/>
                <line number="108" hits="48" branch="false"/>
                <line number="109" hits="44" branch="false"/>
                <line number="110" hits="48" branch="false"/>
                <line number="111" hits="4" branch="false"/>
                <line number="112" hits="48" branch="false"/>
                <line number="114" hits="48" branch="false"/>
                <line number="115" hits="11" branch="false"/>
                <line number="118" hits="48" branch="false"/>
                <line number="119" hits="47" branch="false"/>
                <line number="120" hits="1" branch="false"/>
                <line number="122" hits="46" branch="false"/>
                <line number="125" hits="1" branch="false"/>
                <line number="14" hits="0" branch="false"/>
                <line number="15" hits="0" branch="false"/>
                <line number="17" hits="0" branch="false"/>
                <line number="19" hits="0" branch="false"/>
                <line number="29" hits="77" branch="false"/>
                <line number="30" hits="77" branch="false"/>
                <line number="31" hits="0" branch="false"/>
                <line number="34" hits="77" branch="false"/>
                <line number="35" hits="77" branch="false"/>
                <line number="36" hits="77" branch="false"/>
                <line number="37" hits="77" branch="false"/>
                <line number="38" hits="77" branch="false"/>
                <line number="40" hits="0" branch="false"/>
                <line number="41" hits="0" branch="false"/>
                <line number="42" hits="0" branch="false"/>
                <line number="43" hits="0" branch="false"/>
                <line number="44" hits="0" branch="false"/>
                <line number="45" hits="0" branch="false"/>
                <line number="46" hits="0" branch="false"/>
                <line number="48" hits="77" branch="false"/>
                <line number="49" hits="0" branch="false"/>
                <line number="51" hits="77" branch="false"/>
                <line number="52" hits="77" branch="false"/>
                <line number="53" hits="77" branch="false"/>
                <line number="54" hits="77" branch="false"/>
                <line number="55" hits="77" branch="false"/>
                <line number="56" hits="4" branch="false"/>
                <line number="57" hits="2" branch="false"/>
                <line number="59" hits="2" branch="false"/>
                <line number="60" hits="2" branch="false"/>
                <line number="62" hits="2" branch="false"/>
                <line number="63" hits="0" branch="false"/>
                <line number="66" hits="2" branch="false"/>
                <line number="67" hits="2" branch="false"/>
                <line number="68" hits="1" branch="false"/>
                <line number="69" hits="1" branch="false"/>
                <line number="70" hits="1" branch="false"/>
                <line number="72" hits="1" branch="false"/>
                <line number="74" hits="1" branch="false"/>
                <line number="75" hits="1" branch="false"/>
                <line number="76" hits="1" branch="false"/>
                <line number="77" hits="1" branch="false"/>
                <line number="78" hits="1" branch="false"/>
                <line number="79" hits="1" branch="false"/>
                <line number="80" hits="1" branch="false"/>
                <line number="82" hits="1" branch="false"/>
                <line number="83" hits="1" branch="false"/>
                <line number="85" hits="1" branch="false"/>
                <line number="86" hits="1" branch="false"/>
                <line number="87" hits="1" branch="false"/>
                <line number="88" hits="1" branch="false"/>
                <line number="89" hits="1" branch="false"/>
                <line number="90" hits="1" branch="false"/>
                <line number="92" hits="1" branch="false"/>
                <line number="93" hits="0" branch="false"/>
                <line number="94" hits="0" branch="false"/>
                <line number="95" hits="0" branch="false"/>
                <line number="96" hits="0" branch="false"/>
                <line number="97" hits="0" branch="false"/>
                <line number="99" hits="1" branch="false"/>
                <line number="100" hits="0" branch="false"/>
                <line number="101" hits="0" branch="false"/>
                <line number="102" hits="0" branch="false"/>
                <line number="103" hits="0" branch="false"/>
                <line number="104" hits="0" branch="false"/>
                <line number="107" hits="1" branch="false"/>
              </lines>
            </method>
            <method name="qenv.error" signature="" line-rate="1" branch-rate="0" complexity="0">
              <lines>
                <line number="37" hits="2" branch="false"/>
                <line number="111" hits="1" branch="false"/>
              </lines>
            </method>
          </methods>
          <lines>
            <line number="54" hits="5" branch="false"/>
            <line number="56" hits="4" branch="false"/>
            <line number="57" hits="2" branch="false"/>
            <line number="59" hits="2" branch="false"/>
            <line number="60" hits="2" branch="false"/>
            <line number="62" hits="2" branch="false"/>
            <line number="63" hits="0" branch="false"/>
            <line number="66" hits="2" branch="false"/>
            <line number="67" hits="2" branch="false"/>
            <line number="68" hits="1" branch="false"/>
            <line number="69" hits="1" branch="false"/>
            <line number="70" hits="1" branch="false"/>
            <line number="72" hits="1" branch="false"/>
            <line number="74" hits="1" branch="false"/>
            <line number="75" hits="1" branch="false"/>
            <line number="76" hits="1" branch="false"/>
            <line number="77" hits="1" branch="false"/>
            <line number="78" hits="1" branch="false"/>
            <line number="79" hits="1" branch="false"/>
            <line number="80" hits="1" branch="false"/>
            <line number="82" hits="1" branch="false"/>
            <line number="83" hits="1" branch="false"/>
            <line number="85" hits="1" branch="false"/>
            <line number="86" hits="1" branch="false"/>
            <line number="87" hits="1" branch="false"/>
            <line number="88" hits="1" branch="false"/>
            <line number="89" hits="1" branch="false"/>
            <line number="90" hits="1" branch="false"/>
            <line number="92" hits="1" branch="false"/>
            <line number="93" hits="0" branch="false"/>
            <line number="94" hits="0" branch="false"/>
            <line number="95" hits="0" branch="false"/>
            <line number="96" hits="0" branch="false"/>
            <line number="97" hits="0" branch="false"/>
            <line number="99" hits="1" branch="false"/>
            <line number="100" hits="0" branch="false"/>
            <line number="101" hits="0" branch="false"/>
            <line number="102" hits="0" branch="false"/>
            <line number="103" hits="0" branch="false"/>
            <line number="104" hits="0" branch="false"/>
            <line number="107" hits="1" branch="false"/>
            <line number="111" hits="1" branch="false"/>
          </lines>
        </class>
        <class name="zzz.R" filename="R/zzz.R" line-rate="0" branch-rate="0" complexity="0">
          <methods>
            <method name=".onLoad" signature="" line-rate="0" branch-rate="0" complexity="0">
              <lines>
                <line number="4" hits="0" branch="false"/>
                <line number="5" hits="0" branch="false"/>
                <line number="6" hits="0" branch="false"/>
                <line number="7" hits="0" branch="false"/>
                <line number="10" hits="0" branch="false"/>
                <line number="11" hits="0" branch="false"/>
                <line number="12" hits="0" branch="false"/>
                <line number="13" hits="0" branch="false"/>
                <line number="14" hits="0" branch="false"/>
                <line number="16" hits="0" branch="false"/>
              </lines>
            </method>
          </methods>
          <lines>
            <line number="4" hits="0" branch="false"/>
            <line number="5" hits="0" branch="false"/>
            <line number="6" hits="0" branch="false"/>
            <line number="7" hits="0" branch="false"/>
            <line number="10" hits="0" branch="false"/>
            <line number="11" hits="0" branch="false"/>
            <line number="12" hits="0" branch="false"/>
            <line number="13" hits="0" branch="false"/>
            <line number="14" hits="0" branch="false"/>
            <line number="16" hits="0" branch="false"/>
          </lines>
        </class>
      </classes>
    </package>
  </packages>
</coverage>
